[01m[K/home/shermin/coding_challenge/src/neura_motion_planning_challenge/src/executables/task_optional.cpp:[m[K In function â€˜[01m[Kbool solveIK(const moveit::planning_interface::MoveGroupInterface&, const Pose&, std::vector<double>&)[m[Kâ€™:
[01m[K/home/shermin/coding_challenge/src/neura_motion_planning_challenge/src/executables/task_optional.cpp:73:83:[m[K [01;35m[Kwarning: [m[Kâ€˜[01m[Kbool moveit::core::RobotState::setFromIK(const moveit::core::JointModelGroup*, const Pose&, unsigned int, double, const GroupStateValidityCallbackFn&, const kinematics::KinematicsQueryOptions&)[m[Kâ€™ is deprecated: The attempts argument is not supported anymore. [[01;35m[K-Wdeprecated-declarations[m[K]
   73 |     bool found_ik = robot_state->setFromIK(joint_model_group, target_pose, 10, 0.1[01;35m[K)[m[K;
      |                                                                                   [01;35m[K^[m[K
In file included from [01m[K/opt/ros/noetic/include/moveit/move_group_interface/move_group_interface.h:41[m[K,
                 from [01m[K/home/shermin/coding_challenge/src/neura_motion_planning_challenge/include/neura_motion_planning_challenge/motion_planning.h:11[m[K,
                 from [01m[K/home/shermin/coding_challenge/src/neura_motion_planning_challenge/src/executables/task_optional.cpp:5[m[K:
[01m[K/opt/ros/noetic/include/moveit/robot_state/robot_state.h:956:3:[m[K [01;36m[Knote: [m[Kdeclared here
  956 |   [01;36m[KsetFromIK[m[K(const JointModelGroup* group, const geometry_msgs::Pose& pose, unsigned int /* attempts */,
      |   [01;36m[K^~~~~~~~~[m[K
[01m[K/home/shermin/coding_challenge/src/neura_motion_planning_challenge/src/executables/task_optional.cpp:[m[K In function â€˜[01m[Kint main(int, char**)[m[Kâ€™:
[01m[K/home/shermin/coding_challenge/src/neura_motion_planning_challenge/src/executables/task_optional.cpp:154:80:[m[K [01;35m[Kwarning: [m[Kâ€˜[01m[Kconst std::vector<std::__cxx11::basic_string<char> >& moveit::planning_interface::MoveGroupInterface::getJointNames() const[m[Kâ€™ is deprecated: use getVariableNames [[01;35m[K-Wdeprecated-declarations[m[K]
  154 |         const std::vector<std::string>& joint_names = move_group.getJointNames([01;35m[K)[m[K;
      |                                                                                [01;35m[K^[m[K
In file included from [01m[K/home/shermin/coding_challenge/src/neura_motion_planning_challenge/include/neura_motion_planning_challenge/motion_planning.h:11[m[K,
                 from [01m[K/home/shermin/coding_challenge/src/neura_motion_planning_challenge/src/executables/task_optional.cpp:5[m[K:
[01m[K/opt/ros/noetic/include/moveit/move_group_interface/move_group_interface.h:205:74:[m[K [01;36m[Knote: [m[Kdeclared here
  205 |   [[deprecated("use getVariableNames")]] const std::vector<std::string>& [01;36m[KgetJointNames[m[K() const
      |                                                                          [01;36m[K^~~~~~~~~~~~~[m[K
[01m[K/home/shermin/coding_challenge/src/neura_motion_planning_challenge/src/executables/task_optional.cpp:203:25:[m[K [01;31m[Kerror: [m[Kâ€˜[01m[Kclass MotionPlanning[m[Kâ€™ has no member named â€˜[01m[KoptimizeTrajectory[m[Kâ€™; did you mean â€˜[01m[KgetJointTrajectory[m[Kâ€™?
  203 |             if (planner.[01;31m[KoptimizeTrajectory[m[K(joint_trajectory, group_name)) {
      |                         [01;31m[K^~~~~~~~~~~~~~~~~~[m[K
      |                         [32m[KgetJointTrajectory[m[K
[01m[K/home/shermin/coding_challenge/src/neura_motion_planning_challenge/src/executables/task_optional.cpp:214:26:[m[K [01;31m[Kerror: [m[Kâ€˜[01m[KPlan[m[Kâ€™ has not been declared
  214 |             bool valid = [01;31m[KPlan[m[K::validateTrajectory(joint_trajectory, group_name,
      |                          [01;31m[K^~~~[m[K
[01m[K/home/shermin/coding_challenge/src/neura_motion_planning_challenge/src/executables/task_optional.cpp:215:52:[m[K [01;31m[Kerror: [m[Kâ€˜[01m[Kplanning_scene[m[Kâ€™ has not been declared
  215 |                                                    [01;31m[Kplanning_scene[m[K::PlanningScenePtr(), &error_msg);
      |                                                    [01;31m[K^~~~~~~~~~~~~~[m[K
[01m[K/home/shermin/coding_challenge/src/neura_motion_planning_challenge/src/executables/task_optional.cpp:233:22:[m[K [01;31m[Kerror: [m[Kâ€˜[01m[Kgeometry_msgs::Pose CartMotionPlanningData::pose[m[Kâ€™ is private within this context
  233 |                 data.[01;31m[Kpose[m[K = pose;
      |                      [01;31m[K^~~~[m[K
In file included from [01m[K/home/shermin/coding_challenge/src/neura_motion_planning_challenge/include/neura_motion_planning_challenge/motion_planning.h:13[m[K,
                 from [01m[K/home/shermin/coding_challenge/src/neura_motion_planning_challenge/src/executables/task_optional.cpp:5[m[K:
[01m[K/home/shermin/coding_challenge/src/neura_motion_planning_challenge/include/neura_motion_planning_challenge/CartMotionPlanningData.h:63:23:[m[K [01;36m[Knote: [m[Kdeclared private here
   63 |   geometry_msgs::Pose [01;36m[Kpose[m[K;
      |                       [01;36m[K^~~~[m[K
[01m[K/home/shermin/coding_challenge/src/neura_motion_planning_challenge/src/executables/task_two.cpp:[m[K In function â€˜[01m[Kint main(int, char**)[m[Kâ€™:
[01m[K/home/shermin/coding_challenge/src/neura_motion_planning_challenge/src/executables/task_two.cpp:48:16:[m[K [01;31m[Kerror: [m[Kâ€˜[01m[Kclass MotionPlanning[m[Kâ€™ has no member named â€˜[01m[KoptimizeTrajectory[m[Kâ€™; did you mean â€˜[01m[KgetJointTrajectory[m[Kâ€™?
   48 |    if (planner.[01;31m[KoptimizeTrajectory[m[K(optimized_traj, group_name)) {
      |                [01;31m[K^~~~~~~~~~~~~~~~~~[m[K
      |                [32m[KgetJointTrajectory[m[K
[01m[K/home/shermin/coding_challenge/src/neura_motion_planning_challenge/src/executables/task_two.cpp:87:17:[m[K [01;31m[Kerror: [m[Kâ€˜[01m[Kclass MotionPlanning[m[Kâ€™ has no member named â€˜[01m[KplotTrajectoryComparison[m[Kâ€™
   87 |     if (planner.[01;31m[KplotTrajectoryComparison[m[K(original_traj, optimized_traj, plot_path)) {
      |                 [01;31m[K^~~~~~~~~~~~~~~~~~~~~~~~[m[K
make[2]: *** [CMakeFiles/task_optional.dir/build.make:63: CMakeFiles/task_optional.dir/src/executables/task_optional.cpp.o] Error 1
make[1]: *** [CMakeFiles/Makefile2:324: CMakeFiles/task_optional.dir/all] Error 2
make[1]: *** Waiting for unfinished jobs....
make[2]: *** [CMakeFiles/task_two.dir/build.make:63: CMakeFiles/task_two.dir/src/executables/task_two.cpp.o] Error 1
make[1]: *** [CMakeFiles/Makefile2:439: CMakeFiles/task_two.dir/all] Error 2
make: *** [Makefile:141: all] Error 2
