In file included from [01m[K/home/shermin/coding_challenge/src/neura_motion_planning_challenge/src/helper_methods.cpp:1[m[K:
[01m[K/home/shermin/coding_challenge/src/neura_motion_planning_challenge/include/neura_motion_planning_challenge/motion_planning.h:252:47:[m[K [01;31m[Kerror: [m[Kâ€˜[01m[KPlanningSceneInterface[m[Kâ€™ is not a member of â€˜[01m[Kmoveit::planning_interface[m[Kâ€™
  252 |   std::shared_ptr<moveit::planning_interface::[01;31m[KPlanningSceneInterface[m[K> planning_scene_interface_;
      |                                               [01;31m[K^~~~~~~~~~~~~~~~~~~~~~[m[K
[01m[K/home/shermin/coding_challenge/src/neura_motion_planning_challenge/include/neura_motion_planning_challenge/motion_planning.h:252:47:[m[K [01;31m[Kerror: [m[Kâ€˜[01m[KPlanningSceneInterface[m[Kâ€™ is not a member of â€˜[01m[Kmoveit::planning_interface[m[Kâ€™
In file included from [01m[K/home/shermin/coding_challenge/src/neura_motion_planning_challenge/src/motion_planning.cpp:2[m[K:
[01m[K/home/shermin/coding_challenge/src/neura_motion_planning_challenge/include/neura_motion_planning_challenge/motion_planning.h:252:47:[m[K [01;31m[Kerror: [m[Kâ€˜[01m[KPlanningSceneInterface[m[Kâ€™ is not a member of â€˜[01m[Kmoveit::planning_interface[m[Kâ€™
  252 |   std::shared_ptr<moveit::planning_interface::[01;31m[KPlanningSceneInterface[m[K> planning_scene_interface_;
      |                                               [01;31m[K^~~~~~~~~~~~~~~~~~~~~~[m[K
[01m[K/home/shermin/coding_challenge/src/neura_motion_planning_challenge/include/neura_motion_planning_challenge/motion_planning.h:252:69:[m[K [01;31m[Kerror: [m[Ktemplate argument 1 is invalid
  252 |   std::shared_ptr<moveit::planning_interface::PlanningSceneInterface[01;31m[K>[m[K planning_scene_interface_;
      |                                                                     [01;31m[K^[m[K
[01m[K/home/shermin/coding_challenge/src/neura_motion_planning_challenge/include/neura_motion_planning_challenge/motion_planning.h:252:47:[m[K [01;31m[Kerror: [m[Kâ€˜[01m[KPlanningSceneInterface[m[Kâ€™ is not a member of â€˜[01m[Kmoveit::planning_interface[m[Kâ€™
[01m[K/home/shermin/coding_challenge/src/neura_motion_planning_challenge/include/neura_motion_planning_challenge/motion_planning.h:252:69:[m[K [01;31m[Kerror: [m[Ktemplate argument 1 is invalid
  252 |   std::shared_ptr<moveit::planning_interface::PlanningSceneInterface[01;31m[K>[m[K planning_scene_interface_;
      |                                                                     [01;31m[K^[m[K
[01m[K/home/shermin/coding_challenge/src/neura_motion_planning_challenge/src/motion_planning.cpp:[m[K In constructor â€˜[01m[KMotionPlanning::MotionPlanning(ros::NodeHandle&)[m[Kâ€™:
[01m[K/home/shermin/coding_challenge/src/neura_motion_planning_challenge/src/motion_planning.cpp:57:101:[m[K [01;31m[Kerror: [m[Kcannot convert â€˜[01m[Kstd::shared_ptr<moveit::planning_interface::PlanningSceneInterface>[m[Kâ€™ to â€˜[01m[Kint[m[Kâ€™ in assignment
   57 |     planning_scene_interface_ = [01;31m[Kstd::make_shared<moveit::planning_interface::PlanningSceneInterface>()[m[K;
      |                                 [01;31m[K~~~~~~~~~~~~~~~~~~~~~~~~~~~~~~~~~~~~~~~~~~~~~~~~~~~~~~~~~~~~~~~~~~~~^~[m[K
      |                                                                                                     [01;31m[K|[m[K
      |                                                                                                     [01;31m[Kstd::shared_ptr<moveit::planning_interface::PlanningSceneInterface>[m[K
[01m[K/home/shermin/coding_challenge/src/neura_motion_planning_challenge/src/motion_planning.cpp:[m[K In member function â€˜[01m[Kbool MotionPlanning::planPose(const PoseStamped&, moveit_msgs::RobotTrajectory&, const string&, double)[m[Kâ€™:
[01m[K/home/shermin/coding_challenge/src/neura_motion_planning_challenge/src/motion_planning.cpp:127:53:[m[K [01;35m[Kwarning: [m[Kâ€˜[01m[Kusing MoveItErrorCode = class moveit::core::MoveItErrorCode[m[Kâ€™ is deprecated: Use moveit::core::MoveItErrorCode [[01;35m[K-Wdeprecated-declarations[m[K]
  127 |         moveit::planning_interface::MoveItErrorCode [01;35m[Kerror_code[m[K = move_group_->plan(plan);
      |                                                     [01;35m[K^~~~~~~~~~[m[K
In file included from [01m[K/home/shermin/coding_challenge/src/neura_motion_planning_challenge/include/neura_motion_planning_challenge/motion_planning.h:11[m[K,
                 from [01m[K/home/shermin/coding_challenge/src/neura_motion_planning_challenge/src/motion_planning.cpp:2[m[K:
[01m[K/opt/ros/noetic/include/moveit/move_group_interface/move_group_interface.h:64:7:[m[K [01;36m[Knote: [m[Kdeclared here
   64 | using [01;36m[KMoveItErrorCode[m[K [[deprecated("Use moveit::core::MoveItErrorCode")]] = moveit::core::MoveItErrorCode;
      |       [01;36m[K^~~~~~~~~~~~~~~[m[K
[01m[K/home/shermin/coding_challenge/src/neura_motion_planning_challenge/src/motion_planning.cpp:[m[K In member function â€˜[01m[Kmoveit_msgs::RobotTrajectory& MotionPlanning::planCartesian(const std::vector<CartMotionPlanningData>&)[m[Kâ€™:
[01m[K/home/shermin/coding_challenge/src/neura_motion_planning_challenge/src/motion_planning.cpp:158:1:[m[K [01;35m[Kwarning: [m[Kno return statement in function returning non-void [[01;35m[K-Wreturn-type[m[K]
  158 | [01;35m[K}[m[K
      | [01;35m[K^[m[K
[01m[K/home/shermin/coding_challenge/src/neura_motion_planning_challenge/src/motion_planning.cpp:[m[K In member function â€˜[01m[Kbool MotionPlanning::visualizeCartTrajectory(const std::vector<CartMotionPlanningData>&)[m[Kâ€™:
[01m[K/home/shermin/coding_challenge/src/neura_motion_planning_challenge/src/motion_planning.cpp:289:1:[m[K [01;35m[Kwarning: [m[Kno return statement in function returning non-void [[01;35m[K-Wreturn-type[m[K]
  289 | [01;35m[K}[m[K
      | [01;35m[K^[m[K
[01m[K/home/shermin/coding_challenge/src/neura_motion_planning_challenge/src/motion_planning.cpp:[m[K In member function â€˜[01m[Kbool MotionPlanning::addCollision(const MarkerArray&)[m[Kâ€™:
[01m[K/home/shermin/coding_challenge/src/neura_motion_planning_challenge/src/motion_planning.cpp:346:34:[m[K [01;31m[Kerror: [m[Kbase operand of â€˜[01m[K->[m[Kâ€™ is not a pointer
  346 |         planning_scene_interface_[01;31m[K->[m[KaddCollisionObjects(collision_objects);
      |                                  [01;31m[K^~[m[K
[01m[K/home/shermin/coding_challenge/src/neura_motion_planning_challenge/src/motion_planning.cpp:[m[K In member function â€˜[01m[Kbool MotionPlanning::removeCollision(const string&)[m[Kâ€™:
[01m[K/home/shermin/coding_challenge/src/neura_motion_planning_challenge/src/motion_planning.cpp:372:1:[m[K [01;35m[Kwarning: [m[Kno return statement in function returning non-void [[01;35m[K-Wreturn-type[m[K]
  372 | [01;35m[K}[m[K
      | [01;35m[K^[m[K
make[2]: *** [CMakeFiles/motion_planning_lib.dir/build.make:76: CMakeFiles/motion_planning_lib.dir/src/helper_methods.cpp.o] Error 1
make[2]: *** Waiting for unfinished jobs....
make[2]: *** [CMakeFiles/motion_planning_lib.dir/build.make:63: CMakeFiles/motion_planning_lib.dir/src/motion_planning.cpp.o] Error 1
make[1]: *** [CMakeFiles/Makefile2:434: CMakeFiles/motion_planning_lib.dir/all] Error 2
make: *** [Makefile:141: all] Error 2
