[  0%] Built target std_srvs_generate_messages_lisp
[  0%] Built target roscpp_generate_messages_nodejs
[  0%] Built target std_srvs_generate_messages_nodejs
[  0%] Built target tf_generate_messages_cpp
[  0%] Built target tf_generate_messages_lisp
[  0%] Built target actionlib_generate_messages_py
[  0%] Built target tf_generate_messages_nodejs
[  0%] Built target dynamic_reconfigure_generate_messages_nodejs
[  0%] Built target std_srvs_generate_messages_eus
[  0%] Built target actionlib_generate_messages_cpp
[  0%] Built target actionlib_generate_messages_nodejs
[  0%] Built target dynamic_reconfigure_generate_messages_cpp
[  0%] Built target dynamic_reconfigure_generate_messages_lisp
[  0%] Built target actionlib_msgs_generate_messages_py
[  0%] Built target dynamic_reconfigure_gencfg
[  0%] Built target tf_generate_messages_eus
[  0%] Built target tf2_msgs_generate_messages_py
[  0%] Built target tf2_msgs_generate_messages_lisp
[  0%] Built target tf2_msgs_generate_messages_cpp
[  0%] Built target rosgraph_msgs_generate_messages_lisp
[  0%] Built target rosgraph_msgs_generate_messages_eus
[  0%] Built target std_srvs_generate_messages_py
[  0%] Built target moveit_msgs_generate_messages_py
[  0%] Built target roscpp_generate_messages_cpp
[  0%] Built target moveit_ros_planning_gencfg
[  0%] Built target moveit_msgs_generate_messages_nodejs
[  0%] Built target std_msgs_generate_messages_lisp
[  0%] Built target geometry_msgs_generate_messages_cpp
[  0%] Built target visualization_msgs_generate_messages_eus
[  0%] Built target object_recognition_msgs_generate_messages_lisp
[  0%] Built target tf2_msgs_generate_messages_nodejs
[  0%] Built target moveit_msgs_generate_messages_lisp
[  0%] Built target tf2_msgs_generate_messages_eus
[  0%] Built target trajectory_msgs_generate_messages_cpp
[  0%] Built target sensor_msgs_generate_messages_py
[  0%] Built target moveit_msgs_generate_messages_eus
[  0%] Built target geometry_msgs_generate_messages_py
[  0%] Built target sensor_msgs_generate_messages_cpp
[  0%] Built target moveit_msgs_generate_messages_cpp
[  0%] Built target std_msgs_generate_messages_nodejs
[  0%] Built target shape_msgs_generate_messages_cpp
[  0%] Built target octomap_msgs_generate_messages_lisp
[  0%] Built target std_msgs_generate_messages_py
[  0%] Built target sensor_msgs_generate_messages_nodejs
[  0%] Built target actionlib_generate_messages_lisp
[  0%] Built target geometry_msgs_generate_messages_eus
[  0%] Built target object_recognition_msgs_generate_messages_py
[  0%] Built target actionlib_msgs_generate_messages_eus
[  0%] Built target rosgraph_msgs_generate_messages_nodejs
[  0%] Built target dynamic_reconfigure_generate_messages_eus
[  0%] Built target moveit_ros_manipulation_gencfg
[  0%] Built target dynamic_reconfigure_generate_messages_py
[  0%] Built target roscpp_generate_messages_lisp
[  0%] Built target geometry_msgs_generate_messages_nodejs
[  0%] Built target visualization_msgs_generate_messages_lisp
[  0%] Built target tf_generate_messages_py
[  0%] Built target std_msgs_generate_messages_cpp
[  0%] Built target actionlib_msgs_generate_messages_nodejs
[  0%] Built target std_msgs_generate_messages_eus
[  0%] Built target geometry_msgs_generate_messages_lisp
[  0%] Built target actionlib_msgs_generate_messages_cpp
[  0%] Built target actionlib_msgs_generate_messages_lisp
[  0%] Built target sensor_msgs_generate_messages_lisp
[  0%] Built target sensor_msgs_generate_messages_eus
[  0%] Built target visualization_msgs_generate_messages_cpp
[  0%] Built target std_srvs_generate_messages_cpp
[  0%] Built target trajectory_msgs_generate_messages_eus
[  0%] Built target octomap_msgs_generate_messages_eus
[  0%] Built target roscpp_generate_messages_py
[  0%] Built target object_recognition_msgs_generate_messages_cpp
[  0%] Built target rosgraph_msgs_generate_messages_cpp
[  0%] Built target actionlib_generate_messages_eus
[  0%] Built target trajectory_msgs_generate_messages_lisp
[  0%] Built target shape_msgs_generate_messages_py
[  0%] Built target shape_msgs_generate_messages_lisp
[  0%] Built target trajectory_msgs_generate_messages_nodejs
[  0%] Built target shape_msgs_generate_messages_nodejs
[  0%] Built target object_recognition_msgs_generate_messages_nodejs
[  0%] Built target octomap_msgs_generate_messages_cpp
[  0%] Built target object_recognition_msgs_generate_messages_eus
[  0%] Built target rosgraph_msgs_generate_messages_py
[  0%] Built target trajectory_msgs_generate_messages_py
[  0%] Built target shape_msgs_generate_messages_eus
[  0%] Built target visualization_msgs_generate_messages_nodejs
[  0%] Built target octomap_msgs_generate_messages_py
[  0%] Built target visualization_msgs_generate_messages_py
[  0%] Built target octomap_msgs_generate_messages_nodejs
[  0%] Built target roscpp_generate_messages_eus
[35m[1mScanning dependencies of target motion_planning_lib[0m
[  6%] [32mBuilding CXX object CMakeFiles/motion_planning_lib.dir/src/plan_meta_data.cpp.o[0m
[ 13%] [32m[1mLinking CXX shared library /home/shermin/coding_challenge/devel/.private/neura_motion_planning_challenge/lib/libmotion_planning_lib.so[0m
[ 60%] Built target motion_planning_lib
[35m[1mScanning dependencies of target task_optional[0m
[35m[1mScanning dependencies of target task_two[0m
[35m[1mScanning dependencies of target task_one[0m
[ 66%] [32mBuilding CXX object CMakeFiles/task_two.dir/src/executables/task_two.cpp.o[0m
[ 73%] [32mBuilding CXX object CMakeFiles/task_optional.dir/src/executables/task_optional.cpp.o[0m
[ 80%] [32mBuilding CXX object CMakeFiles/task_one.dir/src/executables/task_one.cpp.o[0m
[01m[K/home/shermin/coding_challenge/src/neura_motion_planning_challenge/src/executables/task_optional.cpp:[m[K In function â€˜[01m[Kbool solveIK(const moveit::planning_interface::MoveGroupInterface&, const Pose&, std::vector<double>&)[m[Kâ€™:
[01m[K/home/shermin/coding_challenge/src/neura_motion_planning_challenge/src/executables/task_optional.cpp:77:83:[m[K [01;35m[Kwarning: [m[Kâ€˜[01m[Kbool moveit::core::RobotState::setFromIK(const moveit::core::JointModelGroup*, const Pose&, unsigned int, double, const GroupStateValidityCallbackFn&, const kinematics::KinematicsQueryOptions&)[m[Kâ€™ is deprecated: The attempts argument is not supported anymore. [[01;35m[K-Wdeprecated-declarations[m[K]
   77 |     bool found_ik = robot_state->setFromIK(joint_model_group, target_pose, 10, 0.1[01;35m[K)[m[K;
      |                                                                                   [01;35m[K^[m[K
In file included from [01m[K/home/shermin/ws_moveit/src/moveit/moveit_ros/planning_interface/move_group_interface/include/moveit/move_group_interface/move_group_interface.h:41[m[K,
                 from [01m[K/home/shermin/coding_challenge/src/neura_motion_planning_challenge/include/neura_motion_planning_challenge/motion_planning.h:10[m[K,
                 from [01m[K/home/shermin/coding_challenge/src/neura_motion_planning_challenge/src/executables/task_optional.cpp:5[m[K:
[01m[K/home/shermin/ws_moveit/src/moveit/moveit_core/robot_state/include/moveit/robot_state/robot_state.h:956:3:[m[K [01;36m[Knote: [m[Kdeclared here
  956 |   [01;36m[KsetFromIK[m[K(const JointModelGroup* group, const geometry_msgs::Pose& pose, unsigned int /* attempts */,
      |   [01;36m[K^~~~~~~~~[m[K
[01m[K/home/shermin/coding_challenge/src/neura_motion_planning_challenge/src/executables/task_optional.cpp:[m[K In function â€˜[01m[Kint main(int, char**)[m[Kâ€™:
[01m[K/home/shermin/coding_challenge/src/neura_motion_planning_challenge/src/executables/task_optional.cpp:158:80:[m[K [01;35m[Kwarning: [m[Kâ€˜[01m[Kconst std::vector<std::__cxx11::basic_string<char> >& moveit::planning_interface::MoveGroupInterface::getJointNames() const[m[Kâ€™ is deprecated: use getVariableNames [[01;35m[K-Wdeprecated-declarations[m[K]
  158 |         const std::vector<std::string>& joint_names = move_group.getJointNames([01;35m[K)[m[K;
      |                                                                                [01;35m[K^[m[K
In file included from [01m[K/home/shermin/coding_challenge/src/neura_motion_planning_challenge/include/neura_motion_planning_challenge/motion_planning.h:10[m[K,
                 from [01m[K/home/shermin/coding_challenge/src/neura_motion_planning_challenge/src/executables/task_optional.cpp:5[m[K:
[01m[K/home/shermin/ws_moveit/src/moveit/moveit_ros/planning_interface/move_group_interface/include/moveit/move_group_interface/move_group_interface.h:205:74:[m[K [01;36m[Knote: [m[Kdeclared here
  205 |   [[deprecated("use getVariableNames")]] const std::vector<std::string>& [01;36m[KgetJointNames[m[K() const
      |                                                                          [01;36m[K^~~~~~~~~~~~~[m[K
[01m[K/home/shermin/coding_challenge/src/neura_motion_planning_challenge/src/executables/task_one.cpp:[m[K In function â€˜[01m[Kint main(int, char**)[m[Kâ€™:
[01m[K/home/shermin/coding_challenge/src/neura_motion_planning_challenge/src/executables/task_one.cpp:144:17:[m[K [01;31m[Kerror: [m[Kâ€˜[01m[KPlan[m[Kâ€™ was not declared in this scope
  144 |                 [01;31m[KPlan[m[K plan(output_file, planning_time);
      |                 [01;31m[K^~~~[m[K
[01m[K/home/shermin/coding_challenge/src/neura_motion_planning_challenge/src/executables/task_one.cpp:145:17:[m[K [01;31m[Kerror: [m[Kâ€˜[01m[Kplan[m[Kâ€™ was not declared in this scope; did you mean â€˜[01m[Kplans[m[Kâ€™?
  145 |                 [01;31m[Kplan[m[K.calculateLength(trajectory.joint_trajectory);
      |                 [01;31m[K^~~~[m[K
      |                 [32m[Kplans[m[K
make[2]: *** [CMakeFiles/task_one.dir/build.make:63: CMakeFiles/task_one.dir/src/executables/task_one.cpp.o] Error 1
make[1]: *** [CMakeFiles/Makefile2:2502: CMakeFiles/task_one.dir/all] Error 2
make[1]: *** Waiting for unfinished jobs....
[ 86%] [32m[1mLinking CXX executable /home/shermin/coding_challenge/devel/.private/neura_motion_planning_challenge/lib/neura_motion_planning_challenge/task_two[0m
[ 93%] [32m[1mLinking CXX executable /home/shermin/coding_challenge/devel/.private/neura_motion_planning_challenge/lib/neura_motion_planning_challenge/task_optional[0m
[ 93%] Built target task_two
[ 93%] Built target task_optional
make: *** [Makefile:141: all] Error 2
