[01m[K/home/shermin/coding_challenge/src/neura_motion_planning_challenge/src/Plan.cpp:130:53:[m[K [01;31m[Kerror: [m[Kcannot declare member function â€˜[01m[Kstatic bool Plan::validateTrajectory(const JointTrajectory&, const string&, const PlanningScenePtr&, std::string*)[m[Kâ€™ to have static linkage [[01;31m[K-fpermissive[m[K]
  130 |                               std::string* error_out[01;31m[K)[m[K {
      |                                                     [01;31m[K^[m[K
[01m[K/home/shermin/coding_challenge/src/neura_motion_planning_challenge/src/Plan.cpp:[m[K In static member function â€˜[01m[Kstatic bool Plan::validateTrajectory(const JointTrajectory&, const string&, const PlanningScenePtr&, std::string*)[m[Kâ€™:
[01m[K/home/shermin/coding_challenge/src/neura_motion_planning_challenge/src/Plan.cpp:140:23:[m[K [01;31m[Kerror: [m[Kâ€˜[01m[KRobotModelLoader[m[Kâ€™ is not a member of â€˜[01m[Kmoveit::core[m[Kâ€™; did you mean â€˜[01m[KRobotModelWeakPtr[m[Kâ€™?
  140 |         moveit::core::[01;31m[KRobotModelLoader[m[K loader("robot_description");
      |                       [01;31m[K^~~~~~~~~~~~~~~~[m[K
      |                       [32m[KRobotModelWeakPtr[m[K
[01m[K/home/shermin/coding_challenge/src/neura_motion_planning_challenge/src/Plan.cpp:141:17:[m[K [01;31m[Kerror: [m[Kâ€˜[01m[Kloader[m[Kâ€™ was not declared in this scope
  141 |         model = [01;31m[Kloader[m[K.getModel();
      |                 [01;31m[K^~~~~~[m[K
[01m[K/home/shermin/coding_challenge/src/neura_motion_planning_challenge/src/Plan.cpp:148:35:[m[K [01;31m[Kerror: [m[Kno match for â€˜[01m[Koperator=[m[Kâ€™ (operand types are â€˜[01m[Kmoveit::core::RobotModelPtr[m[Kâ€™ {aka â€˜[01m[Kstd::shared_ptr<moveit::core::RobotModel>[m[Kâ€™} and â€˜[01m[Kconst RobotModelConstPtr[m[Kâ€™ {aka â€˜[01m[Kconst std::shared_ptr<const moveit::core::RobotModel>[m[Kâ€™})
  148 |         model = ps->getRobotModel([01;31m[K)[m[K;
      |                                   [01;31m[K^[m[K
In file included from [01m[K/usr/include/c++/9/memory:81[m[K,
                 from [01m[K/opt/ros/noetic/include/trajectory_msgs/JointTrajectory.h:11[m[K,
                 from [01m[K/home/shermin/coding_challenge/src/neura_motion_planning_challenge/include/neura_motion_planning_challenge/Plan.h:6[m[K,
                 from [01m[K/home/shermin/coding_challenge/src/neura_motion_planning_challenge/src/Plan.cpp:1[m[K:
[01m[K/usr/include/c++/9/bits/shared_ptr.h:309:19:[m[K [01;36m[Knote: [m[Kcandidate: â€˜[01m[Kstd::shared_ptr<_Tp>& std::shared_ptr<_Tp>::operator=(const std::shared_ptr<_Tp>&) [with _Tp = moveit::core::RobotModel][m[Kâ€™
  309 |       shared_ptr& [01;36m[Koperator[m[K=(const shared_ptr&) noexcept = default;
      |                   [01;36m[K^~~~~~~~[m[K
[01m[K/usr/include/c++/9/bits/shared_ptr.h:309:29:[m[K [01;36m[Knote: [m[K  no known conversion for argument 1 from â€˜[01m[Kconst RobotModelConstPtr[m[Kâ€™ {aka â€˜[01m[Kconst std::shared_ptr<const moveit::core::RobotModel>[m[Kâ€™} to â€˜[01m[Kconst std::shared_ptr<moveit::core::RobotModel>&[m[Kâ€™
  309 |       shared_ptr& operator=([01;36m[Kconst shared_ptr&[m[K) noexcept = default;
      |                             [01;36m[K^~~~~~~~~~~~~~~~~[m[K
[01m[K/usr/include/c++/9/bits/shared_ptr.h:313:2:[m[K [01;36m[Knote: [m[Kcandidate: â€˜[01m[Ktemplate<class _Yp> std::shared_ptr<_Tp>::_Assignable<const std::shared_ptr<_Yp>&> std::shared_ptr<_Tp>::operator=(const std::shared_ptr<_Yp>&) [with _Yp = _Yp; _Tp = moveit::core::RobotModel][m[Kâ€™
  313 |  [01;36m[Koperator[m[K=(const shared_ptr<_Yp>& __r) noexcept
      |  [01;36m[K^~~~~~~~[m[K
[01m[K/usr/include/c++/9/bits/shared_ptr.h:313:2:[m[K [01;36m[Knote: [m[K  template argument deduction/substitution failed:
/usr/include/c++/9/bits/shared_ptr.h: In substitution of â€˜[01m[Ktemplate<class _Tp> template<class _Arg> using _Assignable = typename std::enable_if<std::is_assignable<std::__shared_ptr<_Tp>&, _Arg>::value, std::shared_ptr<_Tp>&>::type [with _Arg = const std::shared_ptr<const moveit::core::RobotModel>&; _Tp = moveit::core::RobotModel][m[Kâ€™:
[01m[K/usr/include/c++/9/bits/shared_ptr.h:313:2:[m[K   required by substitution of â€˜[01m[Ktemplate<class _Yp> std::shared_ptr<moveit::core::RobotModel>::_Assignable<const std::shared_ptr<_Tp>&> std::shared_ptr<moveit::core::RobotModel>::operator=<_Yp>(const std::shared_ptr<_Tp>&) [with _Yp = const moveit::core::RobotModel][m[Kâ€™
[01m[K/home/shermin/coding_challenge/src/neura_motion_planning_challenge/src/Plan.cpp:148:35:[m[K   required from here
[01m[K/usr/include/c++/9/bits/shared_ptr.h:111:8:[m[K [01;31m[Kerror: [m[Kno type named â€˜[01m[Ktype[m[Kâ€™ in â€˜[01m[Kstruct std::enable_if<false, std::shared_ptr<moveit::core::RobotModel>&>[m[Kâ€™
  111 |  using [01;31m[K_Assignable[m[K = typename enable_if<
      |        [01;31m[K^~~~~~~~~~~[m[K
[01m[K/usr/include/c++/9/bits/shared_ptr.h:324:2:[m[K [01;36m[Knote: [m[Kcandidate: â€˜[01m[Ktemplate<class _Yp> std::shared_ptr<_Tp>::_Assignable<std::auto_ptr<_Up> > std::shared_ptr<_Tp>::operator=(std::auto_ptr<_Up>&&) [with _Yp = _Yp; _Tp = moveit::core::RobotModel][m[Kâ€™
  324 |  [01;36m[Koperator[m[K=(auto_ptr<_Yp>&& __r)
      |  [01;36m[K^~~~~~~~[m[K
[01m[K/usr/include/c++/9/bits/shared_ptr.h:324:2:[m[K [01;36m[Knote: [m[K  template argument deduction/substitution failed:
[01m[K/home/shermin/coding_challenge/src/neura_motion_planning_challenge/src/Plan.cpp:148:35:[m[K [01;36m[Knote: [m[K  types â€˜[01m[Kstd::auto_ptr<Y>[m[Kâ€™ and â€˜[01m[Kconst RobotModelConstPtr[m[Kâ€™ {aka â€˜[01m[Kconst std::shared_ptr<const moveit::core::RobotModel>[m[Kâ€™} have incompatible cv-qualifiers
  148 |         model = ps->getRobotModel([01;36m[K)[m[K;
      |                                   [01;36m[K^[m[K
In file included from [01m[K/usr/include/c++/9/memory:81[m[K,
                 from [01m[K/opt/ros/noetic/include/trajectory_msgs/JointTrajectory.h:11[m[K,
                 from [01m[K/home/shermin/coding_challenge/src/neura_motion_planning_challenge/include/neura_motion_planning_challenge/Plan.h:6[m[K,
                 from [01m[K/home/shermin/coding_challenge/src/neura_motion_planning_challenge/src/Plan.cpp:1[m[K:
[01m[K/usr/include/c++/9/bits/shared_ptr.h:333:7:[m[K [01;36m[Knote: [m[Kcandidate: â€˜[01m[Kstd::shared_ptr<_Tp>& std::shared_ptr<_Tp>::operator=(std::shared_ptr<_Tp>&&) [with _Tp = moveit::core::RobotModel][m[Kâ€™
  333 |       [01;36m[Koperator[m[K=(shared_ptr&& __r) noexcept
      |       [01;36m[K^~~~~~~~[m[K
[01m[K/usr/include/c++/9/bits/shared_ptr.h:333:30:[m[K [01;36m[Knote: [m[K  no known conversion for argument 1 from â€˜[01m[Kconst RobotModelConstPtr[m[Kâ€™ {aka â€˜[01m[Kconst std::shared_ptr<const moveit::core::RobotModel>[m[Kâ€™} to â€˜[01m[Kstd::shared_ptr<moveit::core::RobotModel>&&[m[Kâ€™
  333 |       operator=([01;36m[Kshared_ptr&& __r[m[K) noexcept
      |                 [01;36m[K~~~~~~~~~~~~~^~~[m[K
[01m[K/usr/include/c++/9/bits/shared_ptr.h:341:2:[m[K [01;36m[Knote: [m[Kcandidate: â€˜[01m[Ktemplate<class _Yp> std::shared_ptr<_Tp>::_Assignable<std::shared_ptr<_Yp> > std::shared_ptr<_Tp>::operator=(std::shared_ptr<_Yp>&&) [with _Yp = _Yp; _Tp = moveit::core::RobotModel][m[Kâ€™
  341 |  [01;36m[Koperator[m[K=(shared_ptr<_Yp>&& __r) noexcept
      |  [01;36m[K^~~~~~~~[m[K
[01m[K/usr/include/c++/9/bits/shared_ptr.h:341:2:[m[K [01;36m[Knote: [m[K  template argument deduction/substitution failed:
[01m[K/home/shermin/coding_challenge/src/neura_motion_planning_challenge/src/Plan.cpp:148:35:[m[K [01;36m[Knote: [m[K  types â€˜[01m[Kstd::shared_ptr<_Tp>[m[Kâ€™ and â€˜[01m[Kconst RobotModelConstPtr[m[Kâ€™ {aka â€˜[01m[Kconst std::shared_ptr<const moveit::core::RobotModel>[m[Kâ€™} have incompatible cv-qualifiers
  148 |         model = ps->getRobotModel([01;36m[K)[m[K;
      |                                   [01;36m[K^[m[K
In file included from [01m[K/usr/include/c++/9/memory:81[m[K,
                 from [01m[K/opt/ros/noetic/include/trajectory_msgs/JointTrajectory.h:11[m[K,
                 from [01m[K/home/shermin/coding_challenge/src/neura_motion_planning_challenge/include/neura_motion_planning_challenge/Plan.h:6[m[K,
                 from [01m[K/home/shermin/coding_challenge/src/neura_motion_planning_challenge/src/Plan.cpp:1[m[K:
[01m[K/usr/include/c++/9/bits/shared_ptr.h:349:2:[m[K [01;36m[Knote: [m[Kcandidate: â€˜[01m[Ktemplate<class _Yp, class _Del> std::shared_ptr<_Tp>::_Assignable<std::unique_ptr<_Up, _Ep> > std::shared_ptr<_Tp>::operator=(std::unique_ptr<_Up, _Ep>&&) [with _Yp = _Yp; _Del = _Del; _Tp = moveit::core::RobotModel][m[Kâ€™
  349 |  [01;36m[Koperator[m[K=(unique_ptr<_Yp, _Del>&& __r)
      |  [01;36m[K^~~~~~~~[m[K
[01m[K/usr/include/c++/9/bits/shared_ptr.h:349:2:[m[K [01;36m[Knote: [m[K  template argument deduction/substitution failed:
[01m[K/home/shermin/coding_challenge/src/neura_motion_planning_challenge/src/Plan.cpp:148:35:[m[K [01;36m[Knote: [m[K  types â€˜[01m[Kstd::unique_ptr<_Tp, _Dp>[m[Kâ€™ and â€˜[01m[Kconst RobotModelConstPtr[m[Kâ€™ {aka â€˜[01m[Kconst std::shared_ptr<const moveit::core::RobotModel>[m[Kâ€™} have incompatible cv-qualifiers
  148 |         model = ps->getRobotModel([01;36m[K)[m[K;
      |                                   [01;36m[K^[m[K
make[2]: *** [CMakeFiles/motion_planning_lib.dir/build.make:89: CMakeFiles/motion_planning_lib.dir/src/Plan.cpp.o] Error 1
make[1]: *** [CMakeFiles/Makefile2:551: CMakeFiles/motion_planning_lib.dir/all] Error 2
make: *** [Makefile:141: all] Error 2
